<?xml version="1.0" encoding="UTF-8"?>
<!-- Generated by org.testng.reporters.JUnitReportReporter -->
<testsuite hostname="INLEN8520080594" failures="0" tests="1" name="com.demo.OrangeHRM.TestRunner" time="17.322" errors="0" timestamp="2023-02-28T13:30:01 IST" skipped="0">
  <testcase classname="com.demo.OrangeHRM.TestRunner" name="loadLogin" time="17.322"/>
  <system-out/>
</testsuite> <!-- com.demo.OrangeHRM.TestRunner -->
